refreshing items
refreshing items
refreshing items
refreshing items
refreshing items
refreshing items
refreshing items
refreshing items
refreshing items
refreshing items
789930783765692436 has been added
604421506214395935 has been added
604420811620614146 has been added
450416132701159424 has been added
438390275271032833 has been added
431942576392765440 has been added
390985878438281216 has been added
310407000284463105 has been added
304364298954604546 has been added
277778559026724875 has been added
241274270909464578 has been added
230839918321074176 has been added
172044070531629056 has been added
141481658082787328 has been added
101068812769583104 has been added
92044600339861504 has been added
141481658082787328 has been updated
141481658082787328 has gained 50 dollars
141481658082787328 has been updated
141481658082787328 has gained 100 dollars
refreshing items
refreshing items
refreshing items
refreshing items
refreshing items
refreshing items
refreshing items
refreshing items
141481658082787328 has gained 3 dollars
141481658082787328 has gained 3 dollars
141481658082787328 has been updated
141481658082787328 has been updated
141481658082787328 has gained 2 dollars
141481658082787328 has gained 2 dollars
141481658082787328 has been updated
141481658082787328 has been updated
refreshing items
refreshing items
141481658082787328 has gained 5 dollars
141481658082787328 has gained 5 dollars
141481658082787328 has been updated
141481658082787328 has been updated
refreshing items
refreshing items
refreshing items
refreshing items
refreshing items
refreshing items
1 of 75564801 has been added to 141481658082787328's inventory
refreshing items
refreshing items
1 of 75564801 has been added to 141481658082787328's inventory
refreshing items
refreshing items
1 of 75564801 has been added to 141481658082787328's inventory
